<?xml version="1.0" encoding="UTF-8"?>
<!-- Generated by org.testng.reporters.JUnitReportReporter -->
<testsuite skipped="0" hostname="DESKTOP-P12432T" name="nopcommerce_V1_maven.testCases.TC_AddCustomerTest_003" tests="1" failures="0" timestamp="11 Jul 2019 23:41:03 GMT" time="22.308" errors="0">
  <testcase name="addNewCustomer" time="22.308" classname="nopcommerce_V1_maven.testCases.TC_AddCustomerTest_003"/>
</testsuite> <!-- nopcommerce_V1_maven.testCases.TC_AddCustomerTest_003 -->
