<?xml version="1.0" encoding="UTF-8"?>
<!-- Generated by org.testng.reporters.JUnitReportReporter -->
<testsuite skipped="0" hostname="DESKTOP-P12432T" name="nopcommerce_V1_maven.testCases.TC_Catalogue_Test" tests="2" failures="0" timestamp="23 Jul 2019 22:47:02 GMT" time="50.949" errors="0">
  <testcase name="loginTest" time="46.181" classname="nopcommerce_V1_maven.testCases.TC_Catalogue_Test"/>
  <testcase name="catalogueProductPage" time="4.768" classname="nopcommerce_V1_maven.testCases.TC_Catalogue_Test"/>
</testsuite> <!-- nopcommerce_V1_maven.testCases.TC_Catalogue_Test -->
