<?xml version="1.0" encoding="UTF-8"?>
<!-- Generated by org.testng.reporters.JUnitReportReporter -->
<testsuite skipped="0" hostname="DESKTOP-P12432T" name="nopcommerce_V1_maven.testCases.TC_AddCustomerTest_003" tests="1" failures="0" timestamp="20 Mar 2019 23:22:24 GMT" time="28.556" errors="0">
  <testcase name="addNewCustomer" time="28.556" classname="nopcommerce_V1_maven.testCases.TC_AddCustomerTest_003"/>
</testsuite> <!-- nopcommerce_V1_maven.testCases.TC_AddCustomerTest_003 -->
